<?xml version="1.0" encoding="UTF-8"?>
<!-- Generated by org.testng.reporters.JUnitXMLReporter -->
<testsuite ignored="2" hostname="LAPTOP-LDN7LJGO" failures="0" tests="2" name="Default test" time="3.99" errors="0" timestamp="2024-04-27T19:57:10 IST">
  <testcase classname="test1.HTTPRequest" name="createUser" time="3.466"/>
  <testcase classname="test1.HTTPRequest" name="deleteUser" time="0.471"/>
  <testcase classname="test1.HTTPRequest" name="updateUser" time="0.0">
    <ignored/>
  </testcase> <!-- updateUser -->
  <testcase classname="test1.HTTPRequest" name="getUser" time="0.0">
    <ignored/>
  </testcase> <!-- getUser -->
</testsuite> <!-- Default test -->
