<?xml version="1.0" encoding="UTF-8"?>
<testng-results ignored="2" total="4" passed="2" failed="0" skipped="0">
  <reporter-output>
  </reporter-output>
  <suite started-at="2024-04-27T19:57:06 IST" name="Default suite" finished-at="2024-04-27T19:57:10 IST" duration-ms="3990">
    <groups>
    </groups>
    <test started-at="2024-04-27T19:57:06 IST" name="Default test" finished-at="2024-04-27T19:57:10 IST" duration-ms="3990">
      <class name="test1.HTTPRequest">
        <test-method signature="createUser()[pri:1, instance:test1.HTTPRequest@729d991e]" started-at="2024-04-27T19:57:06 IST" name="createUser" finished-at="2024-04-27T19:57:09 IST" duration-ms="3466" status="PASS">
          <reporter-output>
          </reporter-output>
        </test-method> <!-- createUser -->
        <test-method signature="deleteUser()[pri:3, instance:test1.HTTPRequest@729d991e]" started-at="2024-04-27T19:57:09 IST" name="deleteUser" finished-at="2024-04-27T19:57:10 IST" depends-on-methods="test1.HTTPRequest.createUser" duration-ms="471" status="PASS">
          <reporter-output>
          </reporter-output>
        </test-method> <!-- deleteUser -->
      </class> <!-- test1.HTTPRequest -->
    </test> <!-- Default test -->
  </suite> <!-- Default suite -->
</testng-results>
